=== puma startup: 2016-06-26 10:48:30 -0300 ===
=== puma startup: 2016-06-26 11:17:24 -0300 ===
=== puma startup: 2016-06-26 11:27:04 -0300 ===
=== puma startup: 2016-06-26 14:19:00 -0300 ===
=== puma startup: 2016-06-26 14:33:26 -0300 ===
=== puma startup: 2016-06-26 14:37:56 -0300 ===
=== puma startup: 2016-06-26 14:41:23 -0300 ===
=== puma startup: 2016-06-30 10:42:16 -0300 ===
=== puma startup: 2016-09-22 15:30:55 -0300 ===
=== puma startup: 2016-09-22 20:46:04 -0300 ===
=== puma startup: 2016-10-07 17:17:09 -0300 ===
=== puma startup: 2016-10-07 17:21:32 -0300 ===
=== puma startup: 2016-10-07 17:21:44 -0300 ===
=== puma startup: 2016-10-07 17:23:16 -0300 ===
=== puma startup: 2016-10-07 17:23:30 -0300 ===
=== puma startup: 2016-10-07 17:23:55 -0300 ===
=== puma startup: 2016-10-07 17:25:01 -0300 ===
=== puma startup: 2016-10-07 17:28:30 -0300 ===
=== puma startup: 2016-10-07 17:34:34 -0300 ===
=== puma startup: 2016-10-08 00:30:46 -0300 ===
=== puma startup: 2016-10-08 00:58:47 -0300 ===
=== puma startup: 2017-02-14 13:33:25 -0200 ===
/home/fabio/.rvm/gems/ruby-2.4.0/gems/sinatra-1.4.3/lib/sinatra/base.rb:1042: warning: constant ::Fixnum is deprecated
/home/fabio/.rvm/gems/ruby-2.4.0/gems/sinatra-1.4.3/lib/sinatra/base.rb:1043: warning: constant ::Fixnum is deprecated
/home/fabio/.rvm/gems/ruby-2.4.0/gems/sinatra-1.4.3/lib/sinatra/base.rb:1042: warning: constant ::Fixnum is deprecated
/home/fabio/.rvm/gems/ruby-2.4.0/gems/sinatra-1.4.3/lib/sinatra/base.rb:1043: warning: constant ::Fixnum is deprecated
/home/fabio/.rvm/gems/ruby-2.4.0/gems/sinatra-1.4.3/lib/sinatra/base.rb:1042: warning: constant ::Fixnum is deprecated
/home/fabio/.rvm/gems/ruby-2.4.0/gems/sinatra-1.4.3/lib/sinatra/base.rb:1043: warning: constant ::Fixnum is deprecated
=== puma startup: 2017-02-14 13:56:42 -0200 ===
/home/fabio/.rvm/gems/ruby-2.4.0/gems/sinatra-1.4.3/lib/sinatra/base.rb:1042: warning: constant ::Fixnum is deprecated
/home/fabio/.rvm/gems/ruby-2.4.0/gems/sinatra-1.4.3/lib/sinatra/base.rb:1043: warning: constant ::Fixnum is deprecated
/home/fabio/.rvm/gems/ruby-2.4.0/gems/sinatra-1.4.3/lib/sinatra/base.rb:1042: warning: constant ::Fixnum is deprecated
/home/fabio/.rvm/gems/ruby-2.4.0/gems/sinatra-1.4.3/lib/sinatra/base.rb:1042: warning: constant ::Fixnum is deprecated
/home/fabio/.rvm/gems/ruby-2.4.0/gems/sinatra-1.4.3/lib/sinatra/base.rb:1042: warning: constant ::Fixnum is deprecated
/home/fabio/.rvm/gems/ruby-2.4.0/gems/sinatra-1.4.3/lib/sinatra/base.rb:1043: warning: constant ::Fixnum is deprecated
=== puma startup: 2017-02-14 14:13:23 -0200 ===
/home/fabio/.rvm/gems/ruby-2.4.0/gems/sinatra-1.4.3/lib/sinatra/base.rb:1042: warning: constant ::Fixnum is deprecated
/home/fabio/.rvm/gems/ruby-2.4.0/gems/sinatra-1.4.3/lib/sinatra/base.rb:1043: warning: constant ::Fixnum is deprecated
/home/fabio/.rvm/gems/ruby-2.4.0/gems/sinatra-1.4.3/lib/sinatra/base.rb:1042: warning: constant ::Fixnum is deprecated
=== puma startup: 2017-04-03 20:48:09 -0300 ===
/home/fabio/.rvm/gems/ruby-2.4.0/gems/sinatra-1.4.3/lib/sinatra/base.rb:1042: warning: constant ::Fixnum is deprecated
/home/fabio/.rvm/gems/ruby-2.4.0/gems/sinatra-1.4.3/lib/sinatra/base.rb:1042: warning: constant ::Fixnum is deprecated
/home/fabio/.rvm/gems/ruby-2.4.0/gems/sinatra-1.4.3/lib/sinatra/base.rb:1042: warning: constant ::Fixnum is deprecated
/home/fabio/.rvm/gems/ruby-2.4.0/gems/sinatra-1.4.3/lib/sinatra/base.rb:1043: warning: constant ::Fixnum is deprecated
=== puma startup: 2017-04-03 21:01:40 -0300 ===
Errno::ENOENT - No such file or directory @ rb_sysopen - public/index.html:
	/home/fabio/workspace/bandaserver/app.rb:12:in `read'
	/home/fabio/workspace/bandaserver/app.rb:12:in `block in <class:App>'
	/home/fabio/.rvm/gems/ruby-2.4.0/gems/sinatra-1.4.3/lib/sinatra/base.rb:1541:in `call'
	/home/fabio/.rvm/gems/ruby-2.4.0/gems/sinatra-1.4.3/lib/sinatra/base.rb:1541:in `block in compile!'
	/home/fabio/.rvm/gems/ruby-2.4.0/gems/sinatra-1.4.3/lib/sinatra/base.rb:950:in `block (3 levels) in route!'
	/home/fabio/.rvm/gems/ruby-2.4.0/gems/sinatra-1.4.3/lib/sinatra/base.rb:966:in `route_eval'
	/home/fabio/.rvm/gems/ruby-2.4.0/gems/sinatra-1.4.3/lib/sinatra/base.rb:950:in `block (2 levels) in route!'
	/home/fabio/.rvm/gems/ruby-2.4.0/gems/sinatra-1.4.3/lib/sinatra/base.rb:987:in `block in process_route'
	/home/fabio/.rvm/gems/ruby-2.4.0/gems/sinatra-1.4.3/lib/sinatra/base.rb:985:in `catch'
	/home/fabio/.rvm/gems/ruby-2.4.0/gems/sinatra-1.4.3/lib/sinatra/base.rb:985:in `process_route'
	/home/fabio/.rvm/gems/ruby-2.4.0/gems/sinatra-1.4.3/lib/sinatra/base.rb:948:in `block in route!'
	/home/fabio/.rvm/gems/ruby-2.4.0/gems/sinatra-1.4.3/lib/sinatra/base.rb:947:in `each'
	/home/fabio/.rvm/gems/ruby-2.4.0/gems/sinatra-1.4.3/lib/sinatra/base.rb:947:in `route!'
	/home/fabio/.rvm/gems/ruby-2.4.0/gems/sinatra-1.4.3/lib/sinatra/base.rb:1059:in `block in dispatch!'
	/home/fabio/.rvm/gems/ruby-2.4.0/gems/sinatra-1.4.3/lib/sinatra/base.rb:1041:in `block in invoke'
	/home/fabio/.rvm/gems/ruby-2.4.0/gems/sinatra-1.4.3/lib/sinatra/base.rb:1041:in `catch'
	/home/fabio/.rvm/gems/ruby-2.4.0/gems/sinatra-1.4.3/lib/sinatra/base.rb:1041:in `invoke'
	/home/fabio/.rvm/gems/ruby-2.4.0/gems/sinatra-1.4.3/lib/sinatra/base.rb:1056:in `dispatch!'
	/home/fabio/.rvm/gems/ruby-2.4.0/gems/sinatra-1.4.3/lib/sinatra/base.rb:882:in `block in call!'
	/home/fabio/.rvm/gems/ruby-2.4.0/gems/sinatra-1.4.3/lib/sinatra/base.rb:1041:in `block in invoke'
	/home/fabio/.rvm/gems/ruby-2.4.0/gems/sinatra-1.4.3/lib/sinatra/base.rb:1041:in `catch'
	/home/fabio/.rvm/gems/ruby-2.4.0/gems/sinatra-1.4.3/lib/sinatra/base.rb:1041:in `invoke'
	/home/fabio/.rvm/gems/ruby-2.4.0/gems/sinatra-1.4.3/lib/sinatra/base.rb:882:in `call!'
	/home/fabio/.rvm/gems/ruby-2.4.0/gems/sinatra-1.4.3/lib/sinatra/base.rb:870:in `call'
	/home/fabio/.rvm/gems/ruby-2.4.0/gems/rack-protection-1.5.0/lib/rack/protection/xss_header.rb:18:in `call'
	/home/fabio/.rvm/gems/ruby-2.4.0/gems/rack-protection-1.5.0/lib/rack/protection/path_traversal.rb:16:in `call'
	/home/fabio/.rvm/gems/ruby-2.4.0/gems/rack-protection-1.5.0/lib/rack/protection/json_csrf.rb:18:in `call'
	/home/fabio/.rvm/gems/ruby-2.4.0/gems/rack-protection-1.5.0/lib/rack/protection/base.rb:49:in `call'
	/home/fabio/.rvm/gems/ruby-2.4.0/gems/rack-protection-1.5.0/lib/rack/protection/base.rb:49:in `call'
	/home/fabio/.rvm/gems/ruby-2.4.0/gems/rack-protection-1.5.0/lib/rack/protection/frame_options.rb:31:in `call'
	/home/fabio/.rvm/gems/ruby-2.4.0/gems/rack-1.5.2/lib/rack/nulllogger.rb:9:in `call'
	/home/fabio/.rvm/gems/ruby-2.4.0/gems/rack-1.5.2/lib/rack/head.rb:11:in `call'
	/home/fabio/.rvm/gems/ruby-2.4.0/gems/sinatra-1.4.3/lib/sinatra/base.rb:175:in `call'
	/home/fabio/.rvm/gems/ruby-2.4.0/gems/sinatra-1.4.3/lib/sinatra/base.rb:1949:in `call'
	/home/fabio/.rvm/gems/ruby-2.4.0/gems/sinatra-1.4.3/lib/sinatra/base.rb:1449:in `block in call'
	/home/fabio/.rvm/gems/ruby-2.4.0/gems/sinatra-1.4.3/lib/sinatra/base.rb:1726:in `synchronize'
	/home/fabio/.rvm/gems/ruby-2.4.0/gems/sinatra-1.4.3/lib/sinatra/base.rb:1449:in `call'
	/home/fabio/workspace/bandaserver/middlewares/chat_backend.rb:45:in `call'
	/home/fabio/.rvm/gems/ruby-2.4.0/gems/puma-2.6.0/lib/puma/configuration.rb:68:in `call'
	/home/fabio/.rvm/gems/ruby-2.4.0/gems/puma-2.6.0/lib/puma/server.rb:486:in `handle_request'
	/home/fabio/.rvm/gems/ruby-2.4.0/gems/puma-2.6.0/lib/puma/server.rb:357:in `process_client'
	/home/fabio/.rvm/gems/ruby-2.4.0/gems/puma-2.6.0/lib/puma/server.rb:250:in `block in run'
	/home/fabio/.rvm/gems/ruby-2.4.0/gems/puma-2.6.0/lib/puma/thread_pool.rb:92:in `block in spawn_thread'
/home/fabio/.rvm/gems/ruby-2.4.0/gems/sinatra-1.4.3/lib/sinatra/base.rb:1042: warning: constant ::Fixnum is deprecated
/home/fabio/.rvm/gems/ruby-2.4.0/gems/sinatra-1.4.3/lib/sinatra/base.rb:1043: warning: constant ::Fixnum is deprecated
/home/fabio/.rvm/gems/ruby-2.4.0/gems/sinatra-1.4.3/lib/sinatra/base.rb:1042: warning: constant ::Fixnum is deprecated
/home/fabio/.rvm/gems/ruby-2.4.0/gems/sinatra-1.4.3/lib/sinatra/base.rb:1043: warning: constant ::Fixnum is deprecated
